<?xml version="1.0" encoding="utf-8" standalone="no"?>
<!--This file represents the results of running a test suite-->
<test-results name="/Users/hmramirezr/Documents/Projects/Clients/fis-client-csharp/src/IO.Fis.Test/bin/Debug/IO.Fis.Test.dll" total="1" errors="0" failures="0" not-run="0" inconclusive="0" ignored="0" skipped="0" invalid="0" date="2025-05-08" time="11:31:20">
  <environment nunit-version="2.6.4.14350" clr-version="4.0.30319.42000" os-version="Unix 24.3.0.0" platform="Unix" cwd="/Users/hmramirezr/Documents/Projects/Clients/fis-client-csharp" machine-name="MacBook-Pro-Hector-Manuel-Ramirez-Ramirez-2" user="hmramirezr" user-domain="MacBook-Pro-Hector-Manuel-Ramirez-Ramirez-2" />
  <culture-info current-culture="en-US" current-uiculture="en-US" />
  <test-suite type="Assembly" name="/Users/hmramirezr/Documents/Projects/Clients/fis-client-csharp/src/IO.Fis.Test/bin/Debug/IO.Fis.Test.dll" executed="True" result="Success" success="True" time="2.430" asserts="0">
    <results>
      <test-suite type="Namespace" name="IO" executed="True" result="Success" success="True" time="2.428" asserts="0">
        <results>
          <test-suite type="Namespace" name="Fis" executed="True" result="Success" success="True" time="2.428" asserts="0">
            <results>
              <test-suite type="Namespace" name="Test" executed="True" result="Success" success="True" time="2.428" asserts="0">
                <results>
                  <test-suite type="TestFixture" name="FisApiTests" executed="True" result="Success" success="True" time="2.428" asserts="0">
                    <results>
                      <test-case name="IO.Fis.Test.FisApiTests.GetScoreTest" executed="True" result="Success" success="True" time="2.426" asserts="1" />
                    </results>
                  </test-suite>
                </results>
              </test-suite>
            </results>
          </test-suite>
        </results>
      </test-suite>
    </results>
  </test-suite>
</test-results>